#
# There is insufficient memory for the Java Runtime Environment to continue.
# Native memory allocation (malloc) failed to allocate 2108176 bytes for Chunk::new
# Possible reasons:
#   The system is out of physical RAM or swap space
#   In 32 bit mode, the process size limit was hit
# Possible solutions:
#   Reduce memory load on the system
#   Increase physical memory or swap space
#   Check if swap backing store is full
#   Use 64 bit Java on a 64 bit OS
#   Decrease Java heap size (-Xmx/-Xms)
#   Decrease number of Java threads
#   Decrease Java thread stack sizes (-Xss)
#   Set larger code cache with -XX:ReservedCodeCacheSize=
# This output file may be truncated or incomplete.
#
#  Out of Memory Error (allocation.cpp:390), pid=13136, tid=0x0000000000002578
#
# JRE version: OpenJDK Runtime Environment (8.0_152-b01) (build 1.8.0_152-release-1343-b01)
# Java VM: OpenJDK 64-Bit Server VM (25.152-b01 mixed mode windows-amd64 compressed oops)
# Failed to write core dump. Minidumps are not enabled by default on client versions of Windows
#

---------------  T H R E A D  ---------------

Current thread (0x0000000016389800):  JavaThread "C2 CompilerThread0" daemon [_thread_in_native, id=9592, stack(0x00000000179e0000,0x0000000017ae0000)]

Stack: [0x00000000179e0000,0x0000000017ae0000]
[error occurred during error reporting (printing stack bounds), id 0xc0000005]

Native frames: (J=compiled Java code, j=interpreted, Vv=VM code, C=native code)


Current CompileTask:
C2:1239238 16580 %     4       org.objectweb.asm.ClassReader::accept @ 188 (1250 bytes)


---------------  P R O C E S S  ---------------

Java Threads: ( => current thread )
  0x000000001b168000 JavaThread "Cache worker for Java compile cache (D:\Downloads\Thank-you-for-a-present-master\Thank-you-for-a-present-master\.gradle\5.1.1\javaCompile)" [_thread_in_native, id=5320, stack(0x00000000270b0000,0x00000000271b0000)]
  0x000000001b165000 JavaThread "Cache worker for Java compile cache (C:\Users\Fanto\.gradle\caches\5.1.1\javaCompile)" [_thread_blocked, id=9568, stack(0x0000000026fb0000,0x00000000270b0000)]
  0x000000001b167800 JavaThread "stdout" daemon [_thread_in_native, id=13100, stack(0x0000000026cb0000,0x0000000026db0000)]
  0x000000001b16c000 JavaThread "stdout" daemon [_thread_in_native, id=10452, stack(0x0000000026bb0000,0x0000000026cb0000)]
  0x000000001b169800 JavaThread "stderr" daemon [_thread_in_native, id=5448, stack(0x0000000026ab0000,0x0000000026bb0000)]
  0x000000001b16b000 JavaThread "stderr" daemon [_thread_in_native, id=10764, stack(0x00000000269b0000,0x0000000026ab0000)]
  0x000000001b163800 JavaThread "stdout" daemon [_thread_in_native, id=7072, stack(0x00000000268b0000,0x00000000269b0000)]
  0x000000001b160000 JavaThread "stderr" daemon [_thread_in_native, id=5836, stack(0x00000000267b0000,0x00000000268b0000)]
  0x000000001b163000 JavaThread "pool-4-thread-1" [_thread_blocked, id=11052, stack(0x00000000266b0000,0x00000000267b0000)]
  0x0000000018885000 JavaThread "Cache worker for execution history cache (D:\Downloads\Thank-you-for-a-present-master\Thank-you-for-a-present-master\.gradle\5.1.1\executionHistory)" [_thread_blocked, id=1540, stack(0x00000000261b0000,0x00000000262b0000)]
  0x000000001c6f6800 JavaThread "Execution worker for ':' Thread 3" [_thread_blocked, id=10596, stack(0x00000000260b0000,0x00000000261b0000)]
  0x000000001c6fc800 JavaThread "Execution worker for ':' Thread 2" [_thread_blocked, id=11528, stack(0x0000000025fb0000,0x00000000260b0000)]
  0x000000001c6f5000 JavaThread "Execution worker for ':'" [_thread_blocked, id=11328, stack(0x0000000025eb0000,0x0000000025fb0000)]
  0x000000001c6f8000 JavaThread "Cache worker for file content cache (D:\Downloads\Thank-you-for-a-present-master\Thank-you-for-a-present-master\.gradle\5.1.1\fileContent)" [_thread_blocked, id=6604, stack(0x0000000025db0000,0x0000000025eb0000)]
  0x000000001c6fb000 JavaThread "Cache worker for file content cache (C:\Users\Fanto\.gradle\caches\5.1.1\fileContent)" [_thread_blocked, id=3732, stack(0x0000000025cb0000,0x0000000025db0000)]
  0x000000001c6fb800 JavaThread "Cache worker for Build Output Cleanup Cache (D:\Downloads\Thank-you-for-a-present-master\Thank-you-for-a-present-master\.gradle\buildOutputCleanup)" [_thread_blocked, id=13500, stack(0x0000000025bb0000,0x0000000025cb0000)]
  0x000000001c6f3800 JavaThread "pool-3-thread-1" [_thread_blocked, id=7376, stack(0x0000000025ab0000,0x0000000025bb0000)]
  0x00000000185cc800 JavaThread "Build operations Thread 4" [_thread_blocked, id=12360, stack(0x00000000259b0000,0x0000000025ab0000)]
  0x00000000185cb800 JavaThread "Build operations Thread 3" [_thread_blocked, id=5040, stack(0x00000000258b0000,0x00000000259b0000)]
  0x00000000185cb000 JavaThread "Build operations Thread 2" [_thread_blocked, id=9732, stack(0x00000000257b0000,0x00000000258b0000)]
  0x00000000185c9800 JavaThread "Build operations" [_thread_blocked, id=13364, stack(0x00000000256b0000,0x00000000257b0000)]
  0x00000000185ca000 JavaThread "Cache worker for cache directory md-rule (C:\Users\Fanto\.gradle\caches\5.1.1\md-rule)" [_thread_blocked, id=8428, stack(0x00000000255b0000,0x00000000256b0000)]
  0x00000000185ce000 JavaThread "Cache worker for cache directory md-supplier (C:\Users\Fanto\.gradle\caches\5.1.1\md-supplier)" [_thread_blocked, id=14096, stack(0x00000000254b0000,0x00000000255b0000)]
  0x00000000185cf800 JavaThread "Cache worker for file hash cache (D:\Downloads\Thank-you-for-a-present-master\Thank-you-for-a-present-master\.gradle\5.1.1\fileHashes)" [_thread_blocked, id=2068, stack(0x00000000253b0000,0x00000000254b0000)]
  0x00000000185c8800 JavaThread "Thread-31" [_thread_blocked, id=8132, stack(0x00000000252b0000,0x00000000253b0000)]
  0x00000000185c1800 JavaThread "Asynchronous log dispatcher for DefaultDaemonConnection: socket connection from /127.0.0.1:53126 to /127.0.0.1:54085" [_thread_blocked, id=13236, stack(0x00000000250b0000,0x00000000251b0000)]
  0x00000000185c1000 JavaThread "Daemon worker Thread 2" [_thread_blocked, id=6544, stack(0x0000000024fb0000,0x00000000250b0000)]
  0x00000000185c3000 JavaThread "Cancel handler" [_thread_blocked, id=12536, stack(0x0000000024eb0000,0x0000000024fb0000)]
  0x00000000185c4800 JavaThread "Handler for socket connection from /127.0.0.1:53126 to /127.0.0.1:54085" [_thread_in_native, id=13932, stack(0x0000000024db0000,0x0000000024eb0000)]
  0x00000000185c4000 JavaThread "Daemon Thread 2" [_thread_blocked, id=9992, stack(0x0000000024cb0000,0x0000000024db0000)]
  0x000000001c6fe800 JavaThread "Memory manager" [_thread_blocked, id=11824, stack(0x0000000022a10000,0x0000000022b10000)]
  0x000000001c6f9800 JavaThread "Cache worker for execution history cache (C:\Users\Fanto\.gradle\caches\5.1.1\executionHistory)" [_thread_blocked, id=2656, stack(0x000000001f440000,0x000000001f540000)]
  0x0000000018885800 JavaThread "Cache worker for journal cache (C:\Users\Fanto\.gradle\caches\journal-1)" [_thread_blocked, id=4156, stack(0x000000001ae40000,0x000000001af40000)]
  0x0000000018882800 JavaThread "File lock request listener" [_thread_in_native, id=9464, stack(0x000000001ad40000,0x000000001ae40000)]
  0x0000000018ff5000 JavaThread "Cache worker for file hash cache (C:\Users\Fanto\.gradle\caches\5.1.1\fileHashes)" [_thread_blocked, id=9872, stack(0x000000001ac40000,0x000000001ad40000)]
  0x0000000019487000 JavaThread "Daemon periodic checks" [_thread_blocked, id=11936, stack(0x000000001a240000,0x000000001a340000)]
  0x0000000018f50000 JavaThread "Incoming local TCP Connector on port 53126" [_thread_in_native, id=12500, stack(0x0000000019ff0000,0x000000001a0f0000)]
  0x0000000017d00800 JavaThread "Service Thread" daemon [_thread_blocked, id=8296, stack(0x00000000180e0000,0x00000000181e0000)]
  0x000000001639a000 JavaThread "C1 CompilerThread2" daemon [_thread_blocked, id=10660, stack(0x0000000017be0000,0x0000000017ce0000)]
  0x000000001638d800 JavaThread "C2 CompilerThread1" daemon [_thread_in_native, id=6956, stack(0x0000000017ae0000,0x0000000017be0000)]
=>0x0000000016389800 JavaThread "C2 CompilerThread0" daemon [_thread_in_native, id=9592, stack(0x00000000179e0000,0x0000000017ae0000)]
  0x0000000016388000 JavaThread "Attach Listener" daemon [_thread_blocked, id=10432, stack(0x00000000178e0000,0x00000000179e0000)]
  0x0000000016396000 JavaThread "Signal Dispatcher" daemon [_thread_blocked, id=2980, stack(0x00000000177e0000,0x00000000178e0000)]
  0x0000000002a1b000 JavaThread "Finalizer" daemon [_thread_blocked, id=5212, stack(0x00000000175e0000,0x00000000176e0000)]
  0x0000000002a10800 JavaThread "Reference Handler" daemon [_thread_blocked, id=14312, stack(0x00000000174e0000,0x00000000175e0000)]
  0x0000000000fbe000 JavaThread "main" [_thread_blocked, id=7056, stack(0x0000000002820000,0x0000000002920000)]

Other Threads:
  0x0000000016356800 VMThread [stack: 0x00000000173e0000,0x00000000174e0000] [id=10420]
  0x00000000163ed000 WatcherThread [stack: 0x00000000181e0000,0x00000000182e0000] [id=9192]

VM state:not at safepoint (normal execution)

VM Mutex/Monitor currently owned by a thread: None

Heap:
 PSYoungGen      total 238080K, used 173446K [0x00000000e0000000, 0x00000000f1680000, 0x0000000100000000)
  eden space 198656K, 75% used [0x00000000e0000000,0x00000000e91eff28,0x00000000ec200000)
  from space 39424K, 60% used [0x00000000ee880000,0x00000000efff1c60,0x00000000f0f00000)
  to   space 39424K, 0% used [0x00000000ec200000,0x00000000ec200000,0x00000000ee880000)
 ParOldGen       total 153600K, used 58950K [0x00000000a0000000, 0x00000000a9600000, 0x00000000e0000000)
  object space 153600K, 38% used [0x00000000a0000000,0x00000000a3991998,0x00000000a9600000)
 Metaspace       used 87160K, capacity 89890K, committed 90112K, reserved 1128448K
  class space    used 10901K, capacity 11480K, committed 11520K, reserved 1048576K

Card table byte_map: [0x0000000011de0000,0x00000000120f0000] byte_map_base: 0x00000000118e0000

Marking Bits: (ParMarkBitMap*) 0x0000000072ca5aa0
 Begin Bits: [0x00000000126f0000, 0x0000000013ef0000)
 End Bits:   [0x0000000013ef0000, 0x00000000156f0000)

Polling page: 0x00000000009c0000

CodeCache: size=245760Kb used=48872Kb max_used=48884Kb free=196887Kb
 bounds [0x0000000002a20000, 0x0000000005a20000, 0x0000000011a20000]
 total_blobs=14720 nmethods=13824 adapters=808
 compilation: enabled

Compilation events (10 events):
Event: 1238.967 Thread 0x000000001639a000 16652       2       org.gradle.api.internal.tasks.compile.incremental.analyzer.DefaultClassDependenciesAnalyzer::getClassAnalysis (34 bytes)
Event: 1238.969 Thread 0x000000001639a000 nmethod 16652 0x00000000059f1110 code [0x00000000059f1320, 0x00000000059f1938]
Event: 1238.991 Thread 0x000000001639a000 16653       2       org.gradle.api.internal.tasks.compile.incremental.analyzer.ClassAnalysisSerializer::write (10 bytes)
Event: 1238.991 Thread 0x000000001639a000 nmethod 16653 0x00000000059f0d10 code [0x00000000059f0e80, 0x00000000059f1028]
Event: 1239.009 Thread 0x000000001639a000 16654       2       com.google.common.collect.CompactHashSet::newTable (11 bytes)
Event: 1239.009 Thread 0x000000001639a000 nmethod 16654 0x00000000059f0910 code [0x00000000059f0a80, 0x00000000059f0c68]
Event: 1239.035 Thread 0x000000001639a000 16655       2       it.unimi.dsi.fastutil.ints.IntCollections$EmptyCollection::iterator (5 bytes)
Event: 1239.036 Thread 0x000000001639a000 nmethod 16655 0x00000000059f05d0 code [0x00000000059f0720, 0x00000000059f0870]
Event: 1239.136 Thread 0x000000001638d800 nmethod 16561 0x0000000005a0ccd0 code [0x0000000005a0d360, 0x0000000005a11df8]
Event: 1239.136 Thread 0x000000001638d800 16656       4       org.objectweb.asm.ClassReader::readMethod (1047 bytes)

GC Heap History (10 events):
Event: 187.467 GC heap before
{Heap before GC invocations=31 (full 3):
 PSYoungGen      total 175104K, used 175082K [0x00000000e0000000, 0x00000000ed100000, 0x0000000100000000)
  eden space 156672K, 100% used [0x00000000e0000000,0x00000000e9900000,0x00000000e9900000)
  from space 18432K, 99% used [0x00000000e9900000,0x00000000eaafa870,0x00000000eab00000)
  to   space 22016K, 0% used [0x00000000ebb80000,0x00000000ebb80000,0x00000000ed100000)
 ParOldGen       total 153600K, used 41977K [0x00000000a0000000, 0x00000000a9600000, 0x00000000e0000000)
  object space 153600K, 27% used [0x00000000a0000000,0x00000000a28fe7b0,0x00000000a9600000)
 Metaspace       used 71926K, capacity 74066K, committed 74368K, reserved 1114112K
  class space    used 9360K, capacity 9844K, committed 9856K, reserved 1048576K
Event: 187.537 GC heap after
Heap after GC invocations=31 (full 3):
 PSYoungGen      total 182784K, used 21996K [0x00000000e0000000, 0x00000000eee00000, 0x0000000100000000)
  eden space 160768K, 0% used [0x00000000e0000000,0x00000000e0000000,0x00000000e9d00000)
  from space 22016K, 99% used [0x00000000ebb80000,0x00000000ed0fb210,0x00000000ed100000)
  to   space 31232K, 0% used [0x00000000e9d00000,0x00000000e9d00000,0x00000000ebb80000)
 ParOldGen       total 153600K, used 58868K [0x00000000a0000000, 0x00000000a9600000, 0x00000000e0000000)
  object space 153600K, 38% used [0x00000000a0000000,0x00000000a397d2e8,0x00000000a9600000)
 Metaspace       used 71926K, capacity 74066K, committed 74368K, reserved 1114112K
  class space    used 9360K, capacity 9844K, committed 9856K, reserved 1048576K
}
Event: 1177.750 GC heap before
{Heap before GC invocations=32 (full 3):
 PSYoungGen      total 182784K, used 182764K [0x00000000e0000000, 0x00000000eee00000, 0x0000000100000000)
  eden space 160768K, 100% used [0x00000000e0000000,0x00000000e9d00000,0x00000000e9d00000)
  from space 22016K, 99% used [0x00000000ebb80000,0x00000000ed0fb210,0x00000000ed100000)
  to   space 31232K, 0% used [0x00000000e9d00000,0x00000000e9d00000,0x00000000ebb80000)
 ParOldGen       total 153600K, used 58868K [0x00000000a0000000, 0x00000000a9600000, 0x00000000e0000000)
  object space 153600K, 38% used [0x00000000a0000000,0x00000000a397d2e8,0x00000000a9600000)
 Metaspace       used 78756K, capacity 81478K, committed 81664K, reserved 1120256K
  class space    used 10031K, capacity 10628K, committed 10752K, reserved 1048576K
Event: 1177.791 GC heap after
Heap after GC invocations=32 (full 3):
 PSYoungGen      total 192000K, used 25072K [0x00000000e0000000, 0x00000000ef400000, 0x0000000100000000)
  eden space 160768K, 0% used [0x00000000e0000000,0x00000000e0000000,0x00000000e9d00000)
  from space 31232K, 80% used [0x00000000e9d00000,0x00000000eb57c0c8,0x00000000ebb80000)
  to   space 33792K, 0% used [0x00000000ed300000,0x00000000ed300000,0x00000000ef400000)
 ParOldGen       total 153600K, used 58876K [0x00000000a0000000, 0x00000000a9600000, 0x00000000e0000000)
  object space 153600K, 38% used [0x00000000a0000000,0x00000000a397f2e8,0x00000000a9600000)
 Metaspace       used 78756K, capacity 81478K, committed 81664K, reserved 1120256K
  class space    used 10031K, capacity 10628K, committed 10752K, reserved 1048576K
}
Event: 1186.411 GC heap before
{Heap before GC invocations=33 (full 3):
 PSYoungGen      total 192000K, used 185840K [0x00000000e0000000, 0x00000000ef400000, 0x0000000100000000)
  eden space 160768K, 100% used [0x00000000e0000000,0x00000000e9d00000,0x00000000e9d00000)
  from space 31232K, 80% used [0x00000000e9d00000,0x00000000eb57c0c8,0x00000000ebb80000)
  to   space 33792K, 0% used [0x00000000ed300000,0x00000000ed300000,0x00000000ef400000)
 ParOldGen       total 153600K, used 58876K [0x00000000a0000000, 0x00000000a9600000, 0x00000000e0000000)
  object space 153600K, 38% used [0x00000000a0000000,0x00000000a397f2e8,0x00000000a9600000)
 Metaspace       used 79817K, capacity 82514K, committed 82688K, reserved 1122304K
  class space    used 10130K, capacity 10736K, committed 10752K, reserved 1048576K
Event: 1186.505 GC heap after
Heap after GC invocations=33 (full 3):
 PSYoungGen      total 210944K, used 33777K [0x00000000e0000000, 0x00000000efe80000, 0x0000000100000000)
  eden space 177152K, 0% used [0x00000000e0000000,0x00000000e0000000,0x00000000ead00000)
  from space 33792K, 99% used [0x00000000ed300000,0x00000000ef3fc618,0x00000000ef400000)
  to   space 38912K, 0% used [0x00000000ead00000,0x00000000ead00000,0x00000000ed300000)
 ParOldGen       total 153600K, used 58934K [0x00000000a0000000, 0x00000000a9600000, 0x00000000e0000000)
  object space 153600K, 38% used [0x00000000a0000000,0x00000000a398d998,0x00000000a9600000)
 Metaspace       used 79817K, capacity 82514K, committed 82688K, reserved 1122304K
  class space    used 10130K, capacity 10736K, committed 10752K, reserved 1048576K
}
Event: 1227.943 GC heap before
{Heap before GC invocations=34 (full 3):
 PSYoungGen      total 210944K, used 210929K [0x00000000e0000000, 0x00000000efe80000, 0x0000000100000000)
  eden space 177152K, 100% used [0x00000000e0000000,0x00000000ead00000,0x00000000ead00000)
  from space 33792K, 99% used [0x00000000ed300000,0x00000000ef3fc618,0x00000000ef400000)
  to   space 38912K, 0% used [0x00000000ead00000,0x00000000ead00000,0x00000000ed300000)
 ParOldGen       total 153600K, used 58934K [0x00000000a0000000, 0x00000000a9600000, 0x00000000e0000000)
  object space 153600K, 38% used [0x00000000a0000000,0x00000000a398d998,0x00000000a9600000)
 Metaspace       used 81074K, capacity 83810K, committed 84096K, reserved 1122304K
  class space    used 10242K, capacity 10840K, committed 10880K, reserved 1048576K
Event: 1228.024 GC heap after
Heap after GC invocations=34 (full 3):
 PSYoungGen      total 216064K, used 24423K [0x00000000e0000000, 0x00000000f0f00000, 0x0000000100000000)
  eden space 177152K, 0% used [0x00000000e0000000,0x00000000e0000000,0x00000000ead00000)
  from space 38912K, 62% used [0x00000000ead00000,0x00000000ec4d9e38,0x00000000ed300000)
  to   space 39424K, 0% used [0x00000000ee880000,0x00000000ee880000,0x00000000f0f00000)
 ParOldGen       total 153600K, used 58942K [0x00000000a0000000, 0x00000000a9600000, 0x00000000e0000000)
  object space 153600K, 38% used [0x00000000a0000000,0x00000000a398f998,0x00000000a9600000)
 Metaspace       used 81074K, capacity 83810K, committed 84096K, reserved 1122304K
  class space    used 10242K, capacity 10840K, committed 10880K, reserved 1048576K
}
Event: 1229.366 GC heap before
{Heap before GC invocations=35 (full 3):
 PSYoungGen      total 216064K, used 201575K [0x00000000e0000000, 0x00000000f0f00000, 0x0000000100000000)
  eden space 177152K, 100% used [0x00000000e0000000,0x00000000ead00000,0x00000000ead00000)
  from space 38912K, 62% used [0x00000000ead00000,0x00000000ec4d9e38,0x00000000ed300000)
  to   space 39424K, 0% used [0x00000000ee880000,0x00000000ee880000,0x00000000f0f00000)
 ParOldGen       total 153600K, used 58942K [0x00000000a0000000, 0x00000000a9600000, 0x00000000e0000000)
  object space 153600K, 38% used [0x00000000a0000000,0x00000000a398f998,0x00000000a9600000)
 Metaspace       used 81078K, capacity 83810K, committed 84096K, reserved 1122304K
  class space    used 10242K, capacity 10840K, committed 10880K, reserved 1048576K
Event: 1229.416 GC heap after
Heap after GC invocations=35 (full 3):
 PSYoungGen      total 238080K, used 24007K [0x00000000e0000000, 0x00000000f1680000, 0x0000000100000000)
  eden space 198656K, 0% used [0x00000000e0000000,0x00000000e0000000,0x00000000ec200000)
  from space 39424K, 60% used [0x00000000ee880000,0x00000000efff1c60,0x00000000f0f00000)
  to   space 39424K, 0% used [0x00000000ec200000,0x00000000ec200000,0x00000000ee880000)
 ParOldGen       total 153600K, used 58950K [0x00000000a0000000, 0x00000000a9600000, 0x00000000e0000000)
  object space 153600K, 38% used [0x00000000a0000000,0x00000000a3991998,0x00000000a9600000)
 Metaspace       used 81078K, capacity 83810K, committed 84096K, reserved 1122304K
  class space    used 10242K, capacity 10840K, committed 10880K, reserved 1048576K
}

Deoptimization events (10 events):
Event: 1237.689 Thread 0x00000000185cc800 Uncommon trap: reason=class_check action=maybe_recompile pc=0x00000000054d394c method=org.objectweb.asm.ClassReader.readMethod(Lorg/objectweb/asm/ClassVisitor;Lorg/objectweb/asm/Context;I)I @ 515
Event: 1237.689 Thread 0x00000000185cb800 Uncommon trap: reason=class_check action=maybe_recompile pc=0x00000000054d394c method=org.objectweb.asm.ClassReader.readMethod(Lorg/objectweb/asm/ClassVisitor;Lorg/objectweb/asm/Context;I)I @ 515
Event: 1237.689 Thread 0x00000000185cc800 Uncommon trap: reason=class_check action=maybe_recompile pc=0x00000000054d394c method=org.objectweb.asm.ClassReader.readMethod(Lorg/objectweb/asm/ClassVisitor;Lorg/objectweb/asm/Context;I)I @ 515
Event: 1237.689 Thread 0x00000000185cc800 Uncommon trap: reason=predicate action=maybe_recompile pc=0x00000000054bc6f4 method=org.objectweb.asm.ClassReader.readCode(Lorg/objectweb/asm/MethodVisitor;Lorg/objectweb/asm/Context;I)V @ 1420
Event: 1238.909 Thread 0x00000000185cb800 Uncommon trap: reason=class_check action=maybe_recompile pc=0x00000000059fbea4 method=org.objectweb.asm.ClassReader.readCode(Lorg/objectweb/asm/MethodVisitor;Lorg/objectweb/asm/Context;I)V @ 3946
Event: 1238.954 Thread 0x00000000185cb800 Uncommon trap: reason=class_check action=maybe_recompile pc=0x00000000059e0238 method=org.objectweb.asm.ClassReader.readMethod(Lorg/objectweb/asm/ClassVisitor;Lorg/objectweb/asm/Context;I)I @ 649
Event: 1238.967 Thread 0x00000000185cb800 Uncommon trap: reason=class_check action=maybe_recompile pc=0x00000000059e0238 method=org.objectweb.asm.ClassReader.readMethod(Lorg/objectweb/asm/ClassVisitor;Lorg/objectweb/asm/Context;I)I @ 649
Event: 1239.034 Thread 0x00000000185cc800 Uncommon trap: reason=class_check action=maybe_recompile pc=0x00000000059fbb10 method=org.objectweb.asm.ClassReader.readCode(Lorg/objectweb/asm/MethodVisitor;Lorg/objectweb/asm/Context;I)V @ 3856
Event: 1239.038 Thread 0x00000000185c1000 Uncommon trap: reason=class_check action=maybe_recompile pc=0x00000000059fbea4 method=org.objectweb.asm.ClassReader.readCode(Lorg/objectweb/asm/MethodVisitor;Lorg/objectweb/asm/Context;I)V @ 3946
Event: 1239.043 Thread 0x00000000185c1000 Uncommon trap: reason=class_check action=maybe_recompile pc=0x00000000059fbea4 method=org.objectweb.asm.ClassReader.readCode(Lorg/objectweb/asm/MethodVisitor;Lorg/objectweb/asm/Context;I)V @ 3946

Classes redefined (0 events):
No events

Internal exceptions (10 events):
Event: 1193.083 Thread 0x00000000185c1000 Exception <a 'sun/nio/fs/WindowsException'> (0x00000000e4f55738) thrown at [D:\src\AOSP-openjdk-cygwin\jdk8u\hotspot\src\share\vm\prims\jni.cpp, line 709]
Event: 1193.092 Thread 0x00000000185c1000 Exception <a 'sun/nio/fs/WindowsException'> (0x00000000e4f86e30) thrown at [D:\src\AOSP-openjdk-cygwin\jdk8u\hotspot\src\share\vm\prims\jni.cpp, line 709]
Event: 1193.099 Thread 0x00000000185c1000 Exception <a 'sun/nio/fs/WindowsException'> (0x00000000e4fb84d0) thrown at [D:\src\AOSP-openjdk-cygwin\jdk8u\hotspot\src\share\vm\prims\jni.cpp, line 709]
Event: 1193.106 Thread 0x00000000185c1000 Exception <a 'sun/nio/fs/WindowsException'> (0x00000000e4fe9be0) thrown at [D:\src\AOSP-openjdk-cygwin\jdk8u\hotspot\src\share\vm\prims\jni.cpp, line 709]
Event: 1193.117 Thread 0x00000000185c1000 Exception <a 'sun/nio/fs/WindowsException'> (0x00000000e501b2d0) thrown at [D:\src\AOSP-openjdk-cygwin\jdk8u\hotspot\src\share\vm\prims\jni.cpp, line 709]
Event: 1193.124 Thread 0x00000000185c1000 Exception <a 'sun/nio/fs/WindowsException'> (0x00000000e50bb6c0) thrown at [D:\src\AOSP-openjdk-cygwin\jdk8u\hotspot\src\share\vm\prims\jni.cpp, line 709]
Event: 1193.131 Thread 0x00000000185c1000 Exception <a 'sun/nio/fs/WindowsException'> (0x00000000e50f3b10) thrown at [D:\src\AOSP-openjdk-cygwin\jdk8u\hotspot\src\share\vm\prims\jni.cpp, line 709]
Event: 1193.143 Thread 0x00000000185c1000 Exception <a 'sun/nio/fs/WindowsException'> (0x00000000e5125180) thrown at [D:\src\AOSP-openjdk-cygwin\jdk8u\hotspot\src\share\vm\prims\jni.cpp, line 709]
Event: 1193.160 Thread 0x00000000185c1000 Exception <a 'sun/nio/fs/WindowsException'> (0x00000000e5156818) thrown at [D:\src\AOSP-openjdk-cygwin\jdk8u\hotspot\src\share\vm\prims\jni.cpp, line 709]
Event: 1193.172 Thread 0x00000000185c1000 Exception <a 'sun/nio/fs/WindowsException'> (0x00000000e518a070) thrown at [D:\src\AOSP-openjdk-cygwin\jdk8u\hotspot\src\share\vm\prims\jni.cpp, line 709]

Events (10 events):
Event: 1238.967 Thread 0x00000000185cb800 DEOPT UNPACKING pc=0x0000000002a6557b sp=0x00000000259adbc0 mode 2
Event: 1239.034 Thread 0x00000000185cc800 Uncommon trap: trap_request=0xffffffde fr.pc=0x00000000059fbb10
Event: 1239.034 Thread 0x00000000185cc800 DEOPT PACKING pc=0x00000000059fbb10 sp=0x0000000025aadc50
Event: 1239.034 Thread 0x00000000185cc800 DEOPT UNPACKING pc=0x0000000002a6557b sp=0x0000000025aadbe0 mode 2
Event: 1239.038 Thread 0x00000000185c1000 Uncommon trap: trap_request=0xffffffde fr.pc=0x00000000059fbea4
Event: 1239.038 Thread 0x00000000185c1000 DEOPT PACKING pc=0x00000000059fbea4 sp=0x00000000250a7ce0
Event: 1239.038 Thread 0x00000000185c1000 DEOPT UNPACKING pc=0x0000000002a6557b sp=0x00000000250a7c78 mode 2
Event: 1239.043 Thread 0x00000000185c1000 Uncommon trap: trap_request=0xffffffde fr.pc=0x00000000059fbea4
Event: 1239.043 Thread 0x00000000185c1000 DEOPT PACKING pc=0x00000000059fbea4 sp=0x00000000250a7ce0
Event: 1239.043 Thread 0x00000000185c1000 DEOPT UNPACKING pc=0x0000000002a6557b sp=0x00000000250a7c78 mode 2


Dynamic libraries:
0x00007ff782db0000 - 0x00007ff782de1000 	C:\Program Files\Android\Android Studio\jre\bin\java.exe
0x00007ff9113e0000 - 0x00007ff9115cd000 	C:\Windows\SYSTEM32\ntdll.dll
0x00007ff910be0000 - 0x00007ff910c93000 	C:\Windows\System32\KERNEL32.DLL
0x00007ff90d7a0000 - 0x00007ff90da33000 	C:\Windows\System32\KERNELBASE.dll
0x00007ff90ff50000 - 0x00007ff90fff3000 	C:\Windows\System32\ADVAPI32.dll
0x00007ff90fea0000 - 0x00007ff90ff3e000 	C:\Windows\System32\msvcrt.dll
0x00007ff9108b0000 - 0x00007ff91094e000 	C:\Windows\System32\sechost.dll
0x00007ff910950000 - 0x00007ff910a72000 	C:\Windows\System32\RPCRT4.dll
0x00007ff910030000 - 0x00007ff9101c7000 	C:\Windows\System32\USER32.dll
0x00007ff90da40000 - 0x00007ff90da60000 	C:\Windows\System32\win32u.dll
0x00007ff910d20000 - 0x00007ff910d49000 	C:\Windows\System32\GDI32.dll
0x00007ff90d4b0000 - 0x00007ff90d64a000 	C:\Windows\System32\gdi32full.dll
0x00007ff90d700000 - 0x00007ff90d7a0000 	C:\Windows\System32\msvcp_win.dll
0x00007ff90da60000 - 0x00007ff90db5a000 	C:\Windows\System32\ucrtbase.dll
0x00007ff9023a0000 - 0x00007ff902619000 	C:\Windows\WinSxS\amd64_microsoft.windows.common-controls_6595b64144ccf1df_6.0.17763.475_none_05b43ca607202c6c\COMCTL32.dll
0x00007ff90fb70000 - 0x00007ff90fe9c000 	C:\Windows\System32\combase.dll
0x00007ff90d650000 - 0x00007ff90d6ce000 	C:\Windows\System32\bcryptPrimitives.dll
0x00007ff910000000 - 0x00007ff91002e000 	C:\Windows\System32\IMM32.DLL
0x0000000072320000 - 0x00000000723f2000 	C:\Program Files\Android\Android Studio\jre\jre\bin\msvcr100.dll
0x00000000724e0000 - 0x0000000072d21000 	C:\Program Files\Android\Android Studio\jre\jre\bin\server\jvm.dll
0x00007ff90ff40000 - 0x00007ff90ff48000 	C:\Windows\System32\PSAPI.DLL
0x00007ff90b020000 - 0x00007ff90b044000 	C:\Windows\SYSTEM32\WINMM.dll
0x00007ff8faa30000 - 0x00007ff8faa39000 	C:\Windows\SYSTEM32\WSOCK32.dll
0x00007ff911030000 - 0x00007ff91109d000 	C:\Windows\System32\WS2_32.dll
0x00007ff90aff0000 - 0x00007ff90b01d000 	C:\Windows\SYSTEM32\WINMMBASE.dll
0x00007ff90e5c0000 - 0x00007ff90e60a000 	C:\Windows\System32\cfgmgr32.dll
0x00007ff902630000 - 0x00007ff90263a000 	C:\Windows\SYSTEM32\VERSION.dll
0x00007ff909df0000 - 0x00007ff909dff000 	C:\Program Files\Android\Android Studio\jre\jre\bin\verify.dll
0x00007ff900160000 - 0x00007ff900189000 	C:\Program Files\Android\Android Studio\jre\jre\bin\java.dll
0x00007ff8ffeb0000 - 0x00007ff8ffec6000 	C:\Program Files\Android\Android Studio\jre\jre\bin\zip.dll
0x00007ff90e680000 - 0x00007ff90fb70000 	C:\Windows\System32\SHELL32.dll
0x00007ff9106b0000 - 0x00007ff910758000 	C:\Windows\System32\shcore.dll
0x00007ff90ddc0000 - 0x00007ff90e50a000 	C:\Windows\System32\windows.storage.dll
0x00007ff90d480000 - 0x00007ff90d4a4000 	C:\Windows\System32\profapi.dll
0x00007ff90d420000 - 0x00007ff90d47d000 	C:\Windows\System32\powrprof.dll
0x00007ff9110a0000 - 0x00007ff9110f2000 	C:\Windows\System32\shlwapi.dll
0x00007ff90d3e0000 - 0x00007ff90d3f1000 	C:\Windows\System32\kernel.appcore.dll
0x00007ff90dda0000 - 0x00007ff90ddb7000 	C:\Windows\System32\cryptsp.dll
0x00007ff8f7d70000 - 0x00007ff8f7d8a000 	C:\Program Files\Android\Android Studio\jre\jre\bin\net.dll
0x00007ff90cc00000 - 0x00007ff90cc67000 	C:\Windows\system32\mswsock.dll
0x00007ff8f7a40000 - 0x00007ff8f7a51000 	C:\Program Files\Android\Android Studio\jre\jre\bin\nio.dll
0x00007ff8ecb50000 - 0x00007ff8ecb6e000 	C:\Users\Fanto\.gradle\native\25\windows-amd64\native-platform.dll
0x00007ff909de0000 - 0x00007ff909ded000 	C:\Program Files\Android\Android Studio\jre\jre\bin\management.dll
0x00007ff90c7c0000 - 0x00007ff90c7f3000 	C:\Windows\system32\rsaenh.dll
0x00007ff90d6d0000 - 0x00007ff90d6f6000 	C:\Windows\System32\bcrypt.dll
0x00007ff90d2e0000 - 0x00007ff90d308000 	C:\Windows\SYSTEM32\USERENV.dll
0x00007ff90cdd0000 - 0x00007ff90cddc000 	C:\Windows\SYSTEM32\CRYPTBASE.dll
0x00007ff90c960000 - 0x00007ff90c99d000 	C:\Windows\SYSTEM32\IPHLPAPI.DLL
0x00007ff911100000 - 0x00007ff911108000 	C:\Windows\System32\NSI.dll
0x00007ff903560000 - 0x00007ff903576000 	C:\Windows\SYSTEM32\dhcpcsvc6.DLL
0x00007ff9037f0000 - 0x00007ff90380c000 	C:\Windows\SYSTEM32\dhcpcsvc.DLL
0x00007ff90c9a0000 - 0x00007ff90ca66000 	C:\Windows\SYSTEM32\DNSAPI.dll
0x00007ff8ebfc0000 - 0x00007ff8ebfe4000 	C:\Program Files\Android\Android Studio\jre\jre\bin\sunec.dll
0x00007ff901d80000 - 0x00007ff901d8a000 	C:\Windows\System32\rasadhlp.dll
0x00007ff901db0000 - 0x00007ff901e29000 	C:\Windows\System32\fwpuclnt.dll
0x00007ff9096f0000 - 0x00007ff9096fb000 	C:\Program Files\Android\Android Studio\jre\jre\bin\sunmscapi.dll
0x00007ff90dbc0000 - 0x00007ff90dd9b000 	C:\Windows\System32\CRYPT32.dll
0x00007ff90d400000 - 0x00007ff90d412000 	C:\Windows\System32\MSASN1.dll
0x00007ff90b6a0000 - 0x00007ff90b72c000 	C:\Windows\system32\apphelp.dll

VM Arguments:
jvm_args: -Xmx1536m -Dfile.encoding=windows-1251 -Duser.country=UA -Duser.language=uk -Duser.variant 
java_command: org.gradle.launcher.daemon.bootstrap.GradleDaemon 5.1.1
java_class_path (initial): C:\Users\Fanto\.gradle\wrapper\dists\gradle-5.1.1-all\97z1ksx6lirer3kbvdnh7jtjg\gradle-5.1.1\lib\gradle-launcher-5.1.1.jar
Launcher Type: SUN_STANDARD

Environment Variables:
PATH=C:\Program Files (x86)\Common Files\Oracle\Java\javapath;C:\Windows\system32;C:\Windows;C:\Windows\System32\Wbem;C:\Windows\System32\WindowsPowerShell\v1.0\;C:\Windows\System32\OpenSSH\;C:\Program Files\Intel\WiFi\bin\;C:\Program Files\Common Files\Intel\WirelessCommon\;C:\Users\Fanto\AppData\Local\Microsoft\WindowsApps
USERNAME=Fanto
OS=Windows_NT
PROCESSOR_IDENTIFIER=Intel64 Family 6 Model 61 Stepping 4, GenuineIntel



---------------  S Y S T E M  ---------------

OS: Windows 10.0 , 64 bit Build 17763 (10.0.17763.475)

CPU:total 4 (initial active 4) (2 cores per cpu, 2 threads per core) family 6 model 61 stepping 4, cmov, cx8, fxsr, mmx, sse, sse2, sse3, ssse3, sse4.1, sse4.2, popcnt, avx, avx2, aes, clmul, erms, 3dnowpref, lzcnt, ht, tsc, tscinvbit, bmi1, bmi2, adx

Memory: 4k page, physical 8297072k(1798936k free), swap 9116272k(5992k free)

vm_info: OpenJDK 64-Bit Server VM (25.152-b01) for windows-amd64 JRE (1.8.0_152-release-1343-b01), built by "builder" with MS VC++ 10.0 (VS2010)

time: Mon May 13 20:59:05 2019
elapsed time: 1239 seconds (0d 0h 20m 39s)

